Arguments: 
  /usr/local/bin/node /usr/local/Cellar/yarn/1.12.3/libexec/bin/yarn.js add @tenserflow-models/posenet --dev

PATH: 
  /usr/local/bin:/usr/bin:/bin:/usr/sbin:/sbin

Yarn version: 
  1.12.3

Node version: 
  11.2.0

Platform: 
  darwin x64

Trace: 
  Error: https://registry.yarnpkg.com/@tenserflow-models%2fposenet: Not found
      at Request.params.callback [as _callback] (/usr/local/Cellar/yarn/1.12.3/libexec/lib/cli.js:65894:18)
      at Request.self.callback (/usr/local/Cellar/yarn/1.12.3/libexec/lib/cli.js:129018:22)
      at Request.emit (events.js:182:13)
      at Request.<anonymous> (/usr/local/Cellar/yarn/1.12.3/libexec/lib/cli.js:129990:10)
      at Request.emit (events.js:182:13)
      at IncomingMessage.<anonymous> (/usr/local/Cellar/yarn/1.12.3/libexec/lib/cli.js:129912:12)
      at Object.onceWrapper (events.js:273:13)
      at IncomingMessage.emit (events.js:187:15)
      at endReadableNT (_stream_readable.js:1098:12)
      at process.internalTickCallback (internal/process/next_tick.js:72:19)

npm manifest: 
  {
    "name": "new-horizons",
    "version": "1.0.0",
    "description": "new horizons voyage",
    "main": "./js/main.js",
    "scripts": {
      "start": "NODE_ENV=development  webpack-dev-server --open"
    },
    "author": "Billie Vanderhaegen, Brent Le Comte",
    "license": "CC0-1.0",
    "devDependencies": {
      "three": "^0.99.0"
    }
  }

yarn manifest: 
  No manifest

Lockfile: 
  # THIS IS AN AUTOGENERATED FILE. DO NOT EDIT THIS FILE DIRECTLY.
  # yarn lockfile v1
  
  
  three@^0.99.0:
    version "0.99.0"
    resolved "https://registry.yarnpkg.com/three/-/three-0.99.0.tgz#65711fda7a16501da83948121437d824df1fea19"
    integrity sha512-DmNNq6H6nRGaqxScJ8x7v5VjdtDZR72oTVwDdKbB2BYNFxCkAoo9vdFAznEsMu9YzTV2yFvbVs7qHRzvJZzTIg==
